<?xml version="1.0" encoding="UTF-8"?>
<!-- Generated by org.testng.reporters.JUnitXMLReporter -->
<testsuite hostname="LAPTOP-D2GVCL39" ignored="16" name="CTC" tests="24" failures="9" timestamp="2021-12-17T22:00:42 IST" time="10.619" errors="0">
  <testcase name="verfyNewUserCanBeAddedToSystem" time="0.008" classname="KTCTC.FIRSTMAVENProject.PriorityInTestNG"/>
  <testcase name="verfyNewUserCanBeAddedToSystem" time="0.002" classname="KTCTC.FIRSTMAVENProject.PriorityInTestNG"/>
  <testcase name="verfyNewUserCanBeAddedToSystem" time="0.002" classname="KTCTC.FIRSTMAVENProject.PriorityInTestNG">
    <failure type="java.lang.AssertionError" message="expected [true] but found [false]">
      <![CDATA[java.lang.AssertionError: expected [true] but found [false]
at KTCTC.FIRSTMAVENProject.PriorityInTestNG.verfyNewUserCanBeAddedToSystem(PriorityInTestNG.java:18)
at java.util.ArrayList.forEach(Unknown Source)
... Removed 31 stack frames]]>
    </failure>
  </testcase> <!-- verfyNewUserCanBeAddedToSystem -->
  <testcase name="verfyNewUserCanBeAddedToSystem" time="0.001" classname="KTCTC.FIRSTMAVENProject.PriorityInTestNG"/>
  <testcase name="verfyExistingUserCanBeEdited" time="0.001" classname="KTCTC.FIRSTMAVENProject.PriorityInTestNG"/>
  <testcase name="verfyExistingUserCanBeDeleted" time="0.008" classname="KTCTC.FIRSTMAVENProject.PriorityInTestNG"/>
  <testcase name="VerifyUserCanLoginWithValidUserNameAndValidPassword" time="0.001" classname="KTCTC.FIRSTMAVENProject.AnnotationsInTestNG"/>
  <testcase name="VerifyUserCanNotLoginWithInValidUserNameAndValidPassword" time="0.002" classname="KTCTC.FIRSTMAVENProject.AnnotationsInTestNG"/>
  <testcase name="VerifyUserCanNotLoginWithValidUserNameAndInValidPassword" time="0.002" classname="KTCTC.FIRSTMAVENProject.AnnotationsInTestNG"/>
  <testcase name="methodAFromAnnotation2" time="0.001" classname="KTCTC.FIRSTMAVENProject.Annotation2"/>
  <testcase name="methodBFromAnnotation2" time="0.002" classname="KTCTC.FIRSTMAVENProject.Annotation2"/>
  <testcase name="getUserData" time="0.0" classname="KTCTC.FIRSTMAVENProject.DataPRoviderInTestNG">
    <failure type="org.testng.TestNGException" message="
Method public void KTCTC.FIRSTMAVENProject.DataPRoviderInTestNG.getUserData(java.lang.String,java.lang.String) requires a @DataProvider named : keyValue">
      <![CDATA[org.testng.TestNGException: 
Method public void KTCTC.FIRSTMAVENProject.DataPRoviderInTestNG.getUserData(java.lang.String,java.lang.String) requires a @DataProvider named : keyValue
at java.util.ArrayList.forEach(Unknown Source)
... Removed 24 stack frames]]>
    </failure>
  </testcase> <!-- getUserData -->
  <testcase name="verifyAdultPlaBotFlow" time="0.733" classname="KTCTC.FIRSTMAVENProject.DataPRoviderInTestNG"/>
  <testcase name="verifyChildPlaBotFlow" time="0.079" classname="KTCTC.FIRSTMAVENProject.DataPRoviderInTestNG">
    <failure type="java.lang.NullPointerException">
      <![CDATA[java.lang.NullPointerException
at KTCTC.FIRSTMAVENProject.BotAuto.checkBotFlow(BotAuto.java:16)
at KTCTC.FIRSTMAVENProject.DataPRoviderInTestNG.verifyChildPlaBotFlow(DataPRoviderInTestNG.java:82)
at java.util.ArrayList.forEach(Unknown Source)
... Removed 27 stack frames]]>
    </failure>
  </testcase> <!-- verifyChildPlaBotFlow -->
  <testcase name="verfyUserCanUploadFileSuccessfully" time="9.611" classname="KTCTC.FIRSTMAVENProject.FIleUploadTestCase"/>
  <testcase name="methodAFromAssertionsInTestNG" time="0.001" classname="KTCTC.FIRSTMAVENProject.AssertionsInTestNG">
    <failure type="java.lang.AssertionError" message="Current share pricce is not displayed as per requirement expected [44] but found [44]">
      <![CDATA[java.lang.AssertionError: Current share pricce is not displayed as per requirement expected [44] but found [44]
at KTCTC.FIRSTMAVENProject.AssertionsInTestNG.methodAFromAssertionsInTestNG(AssertionsInTestNG.java:23)
at java.util.ArrayList.forEach(Unknown Source)
... Removed 31 stack frames]]>
    </failure>
  </testcase> <!-- methodAFromAssertionsInTestNG -->
  <testcase name="methodBFromAssertionsInTestNG" time="0.001" classname="KTCTC.FIRSTMAVENProject.AssertionsInTestNG">
    <failure type="java.lang.AssertionError" message="Still message is displayed on UI expected [false] but found [true]">
      <![CDATA[java.lang.AssertionError: Still message is displayed on UI expected [false] but found [true]
at KTCTC.FIRSTMAVENProject.AssertionsInTestNG.methodBFromAssertionsInTestNG(AssertionsInTestNG.java:42)
at java.util.ArrayList.forEach(Unknown Source)
... Removed 30 stack frames]]>
    </failure>
  </testcase> <!-- methodBFromAssertionsInTestNG -->
  <testcase name="methodAFromAssertionsInTestNG" time="0.004" classname="KTCTC.FIRSTMAVENProject.SoftAssertionsInTestNG">
    <failure type="java.lang.AssertionError" message="The following asserts failed:
	Current share pricce is not displayed as per requirement expected [44] but found [44],
	Upload file message is not displayed corret expected [1 File uploaded successfully] but found [ File uploaded successfully],
	Inbox text is not displayed.. expected [true] but found [false]">
      <![CDATA[java.lang.AssertionError: The following asserts failed:
Current share pricce is not displayed as per requirement expected [44] but found [44],
Upload file message is not displayed corret expected [1 File uploaded successfully] but found [ File uploaded successfully],
Inbox text is not displayed.. expected [true] but found [false]
at KTCTC.FIRSTMAVENProject.SoftAssertionsInTestNG.methodAFromAssertionsInTestNG(SoftAssertionsInTestNG.java:36)
at java.util.ArrayList.forEach(Unknown Source)
... Removed 29 stack frames]]>
    </failure>
  </testcase> <!-- methodAFromAssertionsInTestNG -->
  <testcase name="methodBFromAssertionsInTestNG" time="0.004" classname="KTCTC.FIRSTMAVENProject.SoftAssertionsInTestNG">
    <failure type="java.lang.AssertionError" message="The following asserts failed:
	Current share pricce is not displayed as per requirement expected [44] but found [44],
	Upload file message is not displayed corret expected [1 File uploaded successfully] but found [ File uploaded successfully],
	Inbox text is not displayed.. expected [true] but found [false],
	Still message is displayed on UI expected [false] but found [true]">
      <![CDATA[java.lang.AssertionError: The following asserts failed:
Current share pricce is not displayed as per requirement expected [44] but found [44],
Upload file message is not displayed corret expected [1 File uploaded successfully] but found [ File uploaded successfully],
Inbox text is not displayed.. expected [true] but found [false],
Still message is displayed on UI expected [false] but found [true]
at KTCTC.FIRSTMAVENProject.SoftAssertionsInTestNG.methodBFromAssertionsInTestNG(SoftAssertionsInTestNG.java:49)
at java.util.ArrayList.forEach(Unknown Source)
... Removed 29 stack frames]]>
    </failure>
  </testcase> <!-- methodBFromAssertionsInTestNG -->
  <testcase name="verfyExistingUserCanBeDeleted" time="0.003" classname="KTCTC.FIRSTMAVENProject.InvocationCount"/>
  <testcase name="verfyExistingUserCanBeEdited" time="0.001" classname="KTCTC.FIRSTMAVENProject.InvocationCount">
    <failure type="java.lang.AssertionError" message="expected [true] but found [false]">
      <![CDATA[java.lang.AssertionError: expected [true] but found [false]
at KTCTC.FIRSTMAVENProject.InvocationCount.verfyExistingUserCanBeEdited(InvocationCount.java:30)
at java.util.ArrayList.forEach(Unknown Source)
... Removed 31 stack frames]]>
    </failure>
  </testcase> <!-- verfyExistingUserCanBeEdited -->
  <testcase name="verfyNewUserCanBeAddedToSystem" time="0.003" classname="KTCTC.FIRSTMAVENProject.DependentTestCases"/>
  <testcase name="verfyExistingUserCanBeEdited" time="0.001" classname="KTCTC.FIRSTMAVENProject.DependentTestCases">
    <failure type="java.lang.AssertionError" message="expected [true] but found [false]">
      <![CDATA[java.lang.AssertionError: expected [true] but found [false]
at KTCTC.FIRSTMAVENProject.DependentTestCases.verfyExistingUserCanBeEdited(DependentTestCases.java:24)
at java.util.ArrayList.forEach(Unknown Source)
... Removed 31 stack frames]]>
    </failure>
  </testcase> <!-- verfyExistingUserCanBeEdited -->
  <testcase name="methodBFromEnableClass" time="0.002" classname="KTCTC.FIRSTMAVENProject.EnableClass"/>
  <testcase name="verfyNewUserCanBeAddedToSystem" time="0.0" classname="KTCTC.FIRSTMAVENProject.InvocationCount">
    <ignored/>
  </testcase> <!-- verfyNewUserCanBeAddedToSystem -->
  <testcase name="verifyNewUserCanBeAdded" time="0.0" classname="KTCTC.FIRSTMAVENProject.DataPRoviderInTestNG">
    <ignored/>
  </testcase> <!-- verifyNewUserCanBeAdded -->
  <testcase name="@BeforeTest beforeTest" time="0.0" classname="KTCTC.FIRSTMAVENProject.TestBase">
    <ignored/>
  </testcase> <!-- @BeforeTest beforeTest -->
  <testcase name="@BeforeTest beforeTest" time="0.0" classname="KTCTC.FIRSTMAVENProject.TestBase">
    <ignored/>
  </testcase> <!-- @BeforeTest beforeTest -->
  <testcase name="@BeforeTest beforeTest" time="0.0" classname="KTCTC.FIRSTMAVENProject.TestBase">
    <ignored/>
  </testcase> <!-- @BeforeTest beforeTest -->
  <testcase name="@AfterSuite afterSuite" time="0.0" classname="KTCTC.FIRSTMAVENProject.TestBase">
    <ignored/>
  </testcase> <!-- @AfterSuite afterSuite -->
  <testcase name="@AfterSuite afterSuite" time="0.0" classname="KTCTC.FIRSTMAVENProject.TestBase">
    <ignored/>
  </testcase> <!-- @AfterSuite afterSuite -->
  <testcase name="@AfterSuite afterSuite" time="0.0" classname="KTCTC.FIRSTMAVENProject.TestBase">
    <ignored/>
  </testcase> <!-- @AfterSuite afterSuite -->
  <testcase name="methodAFromEnableClass" time="0.0" classname="KTCTC.FIRSTMAVENProject.EnableClass">
    <ignored/>
  </testcase> <!-- methodAFromEnableClass -->
  <testcase name="verfyExistingUserCanBeDeleted" time="0.0" classname="KTCTC.FIRSTMAVENProject.DependentTestCases">
    <ignored/>
  </testcase> <!-- verfyExistingUserCanBeDeleted -->
  <testcase name="@BeforeSuite beforeSuite" time="0.0" classname="KTCTC.FIRSTMAVENProject.TestBase">
    <ignored/>
  </testcase> <!-- @BeforeSuite beforeSuite -->
  <testcase name="@BeforeSuite beforeSuite" time="0.0" classname="KTCTC.FIRSTMAVENProject.TestBase">
    <ignored/>
  </testcase> <!-- @BeforeSuite beforeSuite -->
  <testcase name="@BeforeSuite beforeSuite" time="0.0" classname="KTCTC.FIRSTMAVENProject.TestBase">
    <ignored/>
  </testcase> <!-- @BeforeSuite beforeSuite -->
  <testcase name="@AfterTest afterTest" time="0.0" classname="KTCTC.FIRSTMAVENProject.TestBase">
    <ignored/>
  </testcase> <!-- @AfterTest afterTest -->
  <testcase name="@AfterTest afterTest" time="0.0" classname="KTCTC.FIRSTMAVENProject.TestBase">
    <ignored/>
  </testcase> <!-- @AfterTest afterTest -->
  <testcase name="@AfterTest afterTest" time="0.0" classname="KTCTC.FIRSTMAVENProject.TestBase">
    <ignored/>
  </testcase> <!-- @AfterTest afterTest -->
</testsuite> <!-- CTC -->
